0 info it worked if it ends with ok
1 verbose cli [ '/usr/bin/nodejs', '/usr/bin/npm', 'run', 'package-win' ]
2 info using npm@3.10.10
3 info using node@v6.10.0
4 verbose run-script [ 'prepackage-win', 'package-win', 'postpackage-win' ]
5 info lifecycle bataille-navale@0.1.0~prepackage-win: bataille-navale@0.1.0
6 silly lifecycle bataille-navale@0.1.0~prepackage-win: no script for prepackage-win, continuing
7 info lifecycle bataille-navale@0.1.0~package-win: bataille-navale@0.1.0
8 verbose lifecycle bataille-navale@0.1.0~package-win: unsafe-perm in lifecycle true
9 verbose lifecycle bataille-navale@0.1.0~package-win: PATH: /usr/lib/node_modules/npm/bin/node-gyp-bin:/home/apprenant/Documents/Javascript/TP-BatailleNavale/BatailleNavale-Electron/node_modules/.bin:/usr/local/bin:/usr/bin:/bin:/usr/local/games:/usr/games:/usr/local/sbin:/usr/sbin:/sbin
10 verbose lifecycle bataille-navale@0.1.0~package-win: CWD: /home/apprenant/Documents/Javascript/TP-BatailleNavale/BatailleNavale-Electron
11 silly lifecycle bataille-navale@0.1.0~package-win: Args: [ '-c',
11 silly lifecycle   'electron-packager . --overwrite --asar=true --platform=win32 --arch=ia32 --icon=assets/icons/win/icon.ico --prune=true --out=release-builds --version-string.CompanyName=CE --version-string.FileDescription=CE --version-string.ProductName="Electron Tutorial App"' ]
12 silly lifecycle bataille-navale@0.1.0~package-win: Returned: code: 1  signal: null
13 info lifecycle bataille-navale@0.1.0~package-win: Failed to exec package-win script
14 verbose stack Error: bataille-navale@0.1.0 package-win: `electron-packager . --overwrite --asar=true --platform=win32 --arch=ia32 --icon=assets/icons/win/icon.ico --prune=true --out=release-builds --version-string.CompanyName=CE --version-string.FileDescription=CE --version-string.ProductName="Electron Tutorial App"`
14 verbose stack Exit status 1
14 verbose stack     at EventEmitter.<anonymous> (/usr/lib/node_modules/npm/lib/utils/lifecycle.js:255:16)
14 verbose stack     at emitTwo (events.js:106:13)
14 verbose stack     at EventEmitter.emit (events.js:191:7)
14 verbose stack     at ChildProcess.<anonymous> (/usr/lib/node_modules/npm/lib/utils/spawn.js:40:14)
14 verbose stack     at emitTwo (events.js:106:13)
14 verbose stack     at ChildProcess.emit (events.js:191:7)
14 verbose stack     at maybeClose (internal/child_process.js:877:16)
14 verbose stack     at Process.ChildProcess._handle.onexit (internal/child_process.js:226:5)
15 verbose pkgid bataille-navale@0.1.0
16 verbose cwd /home/apprenant/Documents/Javascript/TP-BatailleNavale/BatailleNavale-Electron
17 error Linux 3.16.0-4-amd64
18 error argv "/usr/bin/nodejs" "/usr/bin/npm" "run" "package-win"
19 error node v6.10.0
20 error npm  v3.10.10
21 error code ELIFECYCLE
22 error bataille-navale@0.1.0 package-win: `electron-packager . --overwrite --asar=true --platform=win32 --arch=ia32 --icon=assets/icons/win/icon.ico --prune=true --out=release-builds --version-string.CompanyName=CE --version-string.FileDescription=CE --version-string.ProductName="Electron Tutorial App"`
22 error Exit status 1
23 error Failed at the bataille-navale@0.1.0 package-win script 'electron-packager . --overwrite --asar=true --platform=win32 --arch=ia32 --icon=assets/icons/win/icon.ico --prune=true --out=release-builds --version-string.CompanyName=CE --version-string.FileDescription=CE --version-string.ProductName="Electron Tutorial App"'.
23 error Make sure you have the latest version of node.js and npm installed.
23 error If you do, this is most likely a problem with the bataille-navale package,
23 error not with npm itself.
23 error Tell the author that this fails on your system:
23 error     electron-packager . --overwrite --asar=true --platform=win32 --arch=ia32 --icon=assets/icons/win/icon.ico --prune=true --out=release-builds --version-string.CompanyName=CE --version-string.FileDescription=CE --version-string.ProductName="Electron Tutorial App"
23 error You can get information on how to open an issue for this project with:
23 error     npm bugs bataille-navale
23 error Or if that isn't available, you can get their info via:
23 error     npm owner ls bataille-navale
23 error There is likely additional logging output above.
24 verbose exit [ 1, true ]
